<!DOCTYPE html>

<html>
  <head>
  <meta charset='utf-8'>
  <title>TestNG reports</title>

    <link type="text/css" href="testng-reports.css" rel="stylesheet" />
    <script type="text/javascript" src="jquery-1.7.1.min.js"></script>
    <script type="text/javascript" src="testng-reports.js"></script>
    <script type="text/javascript" src="https://www.google.com/jsapi"></script>
    <script type='text/javascript'>
      google.load('visualization', '1', {packages:['table']});
      google.setOnLoadCallback(drawTable);
      var suiteTableInitFunctions = new Array();
      var suiteTableData = new Array();
    </script>
    <!--
      <script type="text/javascript" src="jquery-ui/js/jquery-ui-1.8.16.custom.min.js"></script>
     -->
  </head>

  <body>
    <div class="top-banner-root">
      <span class="top-banner-title-font">Test results</span>
      <br/>
      <span class="top-banner-font-1">1 suite, 4 failed tests</span>
    </div> <!-- top-banner-root -->
    <div class="navigator-root">
      <div class="navigator-suite-header">
        <span>All suites</span>
        <a href="#" class="collapse-all-link" title="Collapse/expand all the suites">
          <img class="collapse-all-icon" src="collapseall.gif">
          </img> <!-- collapse-all-icon -->
        </a> <!-- collapse-all-link -->
      </div> <!-- navigator-suite-header -->
      <div class="suite">
        <div class="rounded-window">
          <div class="suite-header light-rounded-window-top">
            <a href="#" class="navigator-link" panel-name="suite-My_First_Suite_of_Test_NG">
              <span class="suite-name border-failed">My First Suite of Test NG</span>
            </a> <!-- navigator-link -->
          </div> <!-- suite-header light-rounded-window-top -->
          <div class="navigator-suite-content">
            <div class="suite-section-title">
              <span>Info</span>
            </div> <!-- suite-section-title -->
            <div class="suite-section-content">
              <ul>
                <li>
                  <a href="#" class="navigator-link " panel-name="test-xml-My_First_Suite_of_Test_NG">
                    <span>E:\Java Projects\Project_TestNG\testng.xml</span>
                  </a> <!-- navigator-link  -->
                </li>
                <li>
                  <a href="#" class="navigator-link " panel-name="testlist-My_First_Suite_of_Test_NG">
                    <span class="test-stats">3 tests</span>
                  </a> <!-- navigator-link  -->
                </li>
                <li>
                  <a href="#" class="navigator-link " panel-name="group-My_First_Suite_of_Test_NG">
                    <span>0 groups</span>
                  </a> <!-- navigator-link  -->
                </li>
                <li>
                  <a href="#" class="navigator-link " panel-name="times-My_First_Suite_of_Test_NG">
                    <span>Times</span>
                  </a> <!-- navigator-link  -->
                </li>
                <li>
                  <a href="#" class="navigator-link " panel-name="reporter-My_First_Suite_of_Test_NG">
                    <span>Reporter output</span>
                  </a> <!-- navigator-link  -->
                </li>
                <li>
                  <a href="#" class="navigator-link " panel-name="ignored-methods-My_First_Suite_of_Test_NG">
                    <span>Ignored methods</span>
                  </a> <!-- navigator-link  -->
                </li>
                <li>
                  <a href="#" class="navigator-link " panel-name="chronological-My_First_Suite_of_Test_NG">
                    <span>Chronological view</span>
                  </a> <!-- navigator-link  -->
                </li>
              </ul>
            </div> <!-- suite-section-content -->
            <div class="result-section">
              <div class="suite-section-title">
                <span>Results</span>
              </div> <!-- suite-section-title -->
              <div class="suite-section-content">
                <ul>
                  <li>
                    <span class="method-stats">8 methods, 4 failed,   4 passed</span>
                  </li>
                  <li>
                    <span class="method-list-title failed">Failed methods</span>
                    <span class="show-or-hide-methods failed">
                      <a href="#" panel-name="suite-My_First_Suite_of_Test_NG" class="hide-methods failed suite-My_First_Suite_of_Test_NG"> (hide)</a> <!-- hide-methods failed suite-My_First_Suite_of_Test_NG -->
                      <a href="#" panel-name="suite-My_First_Suite_of_Test_NG" class="show-methods failed suite-My_First_Suite_of_Test_NG"> (show)</a> <!-- show-methods failed suite-My_First_Suite_of_Test_NG -->
                    </span>
                    <div class="method-list-content failed suite-My_First_Suite_of_Test_NG">
                      <span>
                        <img width="3%" src="failed.png"/>
                        <a href="#" class="method navigator-link" panel-name="suite-My_First_Suite_of_Test_NG" title="TestNGSssions.OpenGoogleComTNG" hash-for-method="test1">test1</a> <!-- method navigator-link -->
                      </span>
                      <br/>
                      <span>
                        <img width="3%" src="failed.png"/>
                        <a href="#" class="method navigator-link" panel-name="suite-My_First_Suite_of_Test_NG" title="TestNGSssions.OpenGoogleComTNG" hash-for-method="test2">test2</a> <!-- method navigator-link -->
                      </span>
                      <br/>
                      <span>
                        <img width="3%" src="failed.png"/>
                        <a href="#" class="method navigator-link" panel-name="suite-My_First_Suite_of_Test_NG" title="TestNGSssions.MultiBrowersTest" hash-for-method="testinChrome">testinChrome</a> <!-- method navigator-link -->
                      </span>
                      <br/>
                      <span>
                        <img width="3%" src="failed.png"/>
                        <a href="#" class="method navigator-link" panel-name="suite-My_First_Suite_of_Test_NG" title="TestNGSssions.MultiBrowersTest" hash-for-method="testinFF">testinFF</a> <!-- method navigator-link -->
                      </span>
                      <br/>
                    </div> <!-- method-list-content failed suite-My_First_Suite_of_Test_NG -->
                  </li>
                  <li>
                    <span class="method-list-title passed">Passed methods</span>
                    <span class="show-or-hide-methods passed">
                      <a href="#" panel-name="suite-My_First_Suite_of_Test_NG" class="hide-methods passed suite-My_First_Suite_of_Test_NG"> (hide)</a> <!-- hide-methods passed suite-My_First_Suite_of_Test_NG -->
                      <a href="#" panel-name="suite-My_First_Suite_of_Test_NG" class="show-methods passed suite-My_First_Suite_of_Test_NG"> (show)</a> <!-- show-methods passed suite-My_First_Suite_of_Test_NG -->
                    </span>
                    <div class="method-list-content passed suite-My_First_Suite_of_Test_NG">
                      <span>
                        <img width="3%" src="passed.png"/>
                        <a href="#" class="method navigator-link" panel-name="suite-My_First_Suite_of_Test_NG" title="TestNGSssions.MultiBrowersTest" hash-for-method="testinChrome(Chrome)">testinChrome(Chrome)</a> <!-- method navigator-link -->
                      </span>
                      <br/>
                      <span>
                        <img width="3%" src="passed.png"/>
                        <a href="#" class="method navigator-link" panel-name="suite-My_First_Suite_of_Test_NG" title="TestNGSssions.MultiBrowersTest" hash-for-method="testinChrome(Firefox)">testinChrome(Firefox)</a> <!-- method navigator-link -->
                      </span>
                      <br/>
                      <span>
                        <img width="3%" src="passed.png"/>
                        <a href="#" class="method navigator-link" panel-name="suite-My_First_Suite_of_Test_NG" title="TestNGSssions.MultiBrowersTest" hash-for-method="testinFF(Chrome)">testinFF(Chrome)</a> <!-- method navigator-link -->
                      </span>
                      <br/>
                      <span>
                        <img width="3%" src="passed.png"/>
                        <a href="#" class="method navigator-link" panel-name="suite-My_First_Suite_of_Test_NG" title="TestNGSssions.MultiBrowersTest" hash-for-method="testinFF(Firefox)">testinFF(Firefox)</a> <!-- method navigator-link -->
                      </span>
                      <br/>
                    </div> <!-- method-list-content passed suite-My_First_Suite_of_Test_NG -->
                  </li>
                </ul>
              </div> <!-- suite-section-content -->
            </div> <!-- result-section -->
          </div> <!-- navigator-suite-content -->
        </div> <!-- rounded-window -->
      </div> <!-- suite -->
    </div> <!-- navigator-root -->
    <div class="wrapper">
      <div class="main-panel-root">
        <div panel-name="suite-My_First_Suite_of_Test_NG" class="panel My_First_Suite_of_Test_NG">
          <div class="suite-My_First_Suite_of_Test_NG-class-failed">
            <div class="main-panel-header rounded-window-top">
              <img src="failed.png"/>
              <span class="class-name">TestNGSssions.MultiBrowersTest</span>
            </div> <!-- main-panel-header rounded-window-top -->
            <div class="main-panel-content rounded-window-bottom">
              <div class="method">
                <div class="method-content">
                  <a name="testinChrome">
                  </a> <!-- testinChrome -->
                  <span class="method-name">testinChrome</span>
                  <div class="stack-trace">org.testng.TestNGException: 
Parameter &apos;brower&apos; is required by @Test on method testinChrome but has not been marked @Optional or defined
in E:\Java Projects\Project_TestNG\testng.xml
	at java.util.concurrent.ThreadPoolExecutor.runWorker(Unknown Source)
	at java.util.concurrent.ThreadPoolExecutor$Worker.run(Unknown Source)
	at java.lang.Thread.run(Unknown Source)
... Removed 11 stack frames
</div> <!-- stack-trace -->
                </div> <!-- method-content -->
              </div> <!-- method -->
              <div class="method">
                <div class="method-content">
                  <a name="testinFF">
                  </a> <!-- testinFF -->
                  <span class="method-name">testinFF</span>
                  <div class="stack-trace">org.testng.TestNGException: 
Parameter &apos;brower&apos; is required by @Test on method testinFF but has not been marked @Optional or defined
in E:\Java Projects\Project_TestNG\testng.xml
	at java.util.concurrent.ThreadPoolExecutor.runWorker(Unknown Source)
	at java.util.concurrent.ThreadPoolExecutor$Worker.run(Unknown Source)
	at java.lang.Thread.run(Unknown Source)
... Removed 11 stack frames
</div> <!-- stack-trace -->
                </div> <!-- method-content -->
              </div> <!-- method -->
            </div> <!-- main-panel-content rounded-window-bottom -->
          </div> <!-- suite-My_First_Suite_of_Test_NG-class-failed -->
          <div class="suite-My_First_Suite_of_Test_NG-class-failed">
            <div class="main-panel-header rounded-window-top">
              <img src="failed.png"/>
              <span class="class-name">TestNGSssions.OpenGoogleComTNG</span>
            </div> <!-- main-panel-header rounded-window-top -->
            <div class="main-panel-content rounded-window-bottom">
              <div class="method">
                <div class="method-content">
                  <a name="test1">
                  </a> <!-- test1 -->
                  <span class="method-name">test1</span>
                  <div class="stack-trace">org.openqa.selenium.SessionNotCreatedException: session not created: This version of ChromeDriver only supports Chrome version 74
  (Driver info: chromedriver=74.0.3729.6 (255758eccf3d244491b8a1317aa76e1ce10d57e9-refs/branch-heads/3729@{#29}),platform=Windows NT 10.0.17763 x86_64) (WARNING: The server did not provide any stacktrace information)
Command duration or timeout: 5.54 seconds
Build info: version: &apos;3.141.59&apos;, revision: &apos;e82be7d358&apos;, time: &apos;2018-11-14T08:17:03&apos;
System info: host: &apos;WINCTRL-AS5573R&apos;, ip: &apos;192.168.56.1&apos;, os.name: &apos;Windows 10&apos;, os.arch: &apos;amd64&apos;, os.version: &apos;10.0&apos;, java.version: &apos;1.8.0_231&apos;
Driver info: driver.version: ChromeDriver
	at org.openqa.selenium.remote.ErrorHandler.createThrowable(ErrorHandler.java:214)
	at org.openqa.selenium.remote.ErrorHandler.throwIfResponseFailed(ErrorHandler.java:166)
	at org.openqa.selenium.remote.JsonWireProtocolResponse.lambda$errorHandler$0(JsonWireProtocolResponse.java:54)
	at org.openqa.selenium.remote.HandshakeResponse.lambda$getResponseFunction$0(HandshakeResponse.java:30)
	at org.openqa.selenium.remote.ProtocolHandshake.lambda$createSession$0(ProtocolHandshake.java:126)
	at java.util.stream.ReferencePipeline$3$1.accept(Unknown Source)
	at java.util.Spliterators$ArraySpliterator.tryAdvance(Unknown Source)
	at java.util.stream.ReferencePipeline.forEachWithCancel(Unknown Source)
	at java.util.stream.AbstractPipeline.copyIntoWithCancel(Unknown Source)
	at java.util.stream.AbstractPipeline.copyInto(Unknown Source)
	at java.util.stream.AbstractPipeline.wrapAndCopyInto(Unknown Source)
	at java.util.stream.FindOps$FindOp.evaluateSequential(Unknown Source)
	at java.util.stream.AbstractPipeline.evaluate(Unknown Source)
	at java.util.stream.ReferencePipeline.findFirst(Unknown Source)
	at org.openqa.selenium.remote.ProtocolHandshake.createSession(ProtocolHandshake.java:128)
	at org.openqa.selenium.remote.ProtocolHandshake.createSession(ProtocolHandshake.java:74)
	at org.openqa.selenium.remote.HttpCommandExecutor.execute(HttpCommandExecutor.java:136)
	at org.openqa.selenium.remote.service.DriverCommandExecutor.execute(DriverCommandExecutor.java:83)
	at org.openqa.selenium.remote.RemoteWebDriver.execute(RemoteWebDriver.java:552)
	at org.openqa.selenium.remote.RemoteWebDriver.startSession(RemoteWebDriver.java:213)
	at org.openqa.selenium.remote.RemoteWebDriver.&lt;init&gt;(RemoteWebDriver.java:131)
	at org.openqa.selenium.chrome.ChromeDriver.&lt;init&gt;(ChromeDriver.java:181)
	at org.openqa.selenium.chrome.ChromeDriver.&lt;init&gt;(ChromeDriver.java:168)
	at org.openqa.selenium.chrome.ChromeDriver.&lt;init&gt;(ChromeDriver.java:123)
	at TestNGSssions.OpenGoogleComTNG.test1(OpenGoogleComTNG.java:25)
	at java.util.concurrent.ThreadPoolExecutor.runWorker(Unknown Source)
	at java.util.concurrent.ThreadPoolExecutor$Worker.run(Unknown Source)
	at java.lang.Thread.run(Unknown Source)
... Removed 16 stack frames
</div> <!-- stack-trace -->
                </div> <!-- method-content -->
              </div> <!-- method -->
              <div class="method">
                <div class="method-content">
                  <a name="test2">
                  </a> <!-- test2 -->
                  <span class="method-name">test2</span>
                  <div class="stack-trace">org.openqa.selenium.SessionNotCreatedException: session not created: This version of ChromeDriver only supports Chrome version 74
  (Driver info: chromedriver=74.0.3729.6 (255758eccf3d244491b8a1317aa76e1ce10d57e9-refs/branch-heads/3729@{#29}),platform=Windows NT 10.0.17763 x86_64) (WARNING: The server did not provide any stacktrace information)
Command duration or timeout: 5.54 seconds
Build info: version: &apos;3.141.59&apos;, revision: &apos;e82be7d358&apos;, time: &apos;2018-11-14T08:17:03&apos;
System info: host: &apos;WINCTRL-AS5573R&apos;, ip: &apos;192.168.56.1&apos;, os.name: &apos;Windows 10&apos;, os.arch: &apos;amd64&apos;, os.version: &apos;10.0&apos;, java.version: &apos;1.8.0_231&apos;
Driver info: driver.version: ChromeDriver
	at org.openqa.selenium.remote.ErrorHandler.createThrowable(ErrorHandler.java:214)
	at org.openqa.selenium.remote.ErrorHandler.throwIfResponseFailed(ErrorHandler.java:166)
	at org.openqa.selenium.remote.JsonWireProtocolResponse.lambda$errorHandler$0(JsonWireProtocolResponse.java:54)
	at org.openqa.selenium.remote.HandshakeResponse.lambda$getResponseFunction$0(HandshakeResponse.java:30)
	at org.openqa.selenium.remote.ProtocolHandshake.lambda$createSession$0(ProtocolHandshake.java:126)
	at java.util.stream.ReferencePipeline$3$1.accept(Unknown Source)
	at java.util.Spliterators$ArraySpliterator.tryAdvance(Unknown Source)
	at java.util.stream.ReferencePipeline.forEachWithCancel(Unknown Source)
	at java.util.stream.AbstractPipeline.copyIntoWithCancel(Unknown Source)
	at java.util.stream.AbstractPipeline.copyInto(Unknown Source)
	at java.util.stream.AbstractPipeline.wrapAndCopyInto(Unknown Source)
	at java.util.stream.FindOps$FindOp.evaluateSequential(Unknown Source)
	at java.util.stream.AbstractPipeline.evaluate(Unknown Source)
	at java.util.stream.ReferencePipeline.findFirst(Unknown Source)
	at org.openqa.selenium.remote.ProtocolHandshake.createSession(ProtocolHandshake.java:128)
	at org.openqa.selenium.remote.ProtocolHandshake.createSession(ProtocolHandshake.java:74)
	at org.openqa.selenium.remote.HttpCommandExecutor.execute(HttpCommandExecutor.java:136)
	at org.openqa.selenium.remote.service.DriverCommandExecutor.execute(DriverCommandExecutor.java:83)
	at org.openqa.selenium.remote.RemoteWebDriver.execute(RemoteWebDriver.java:552)
	at org.openqa.selenium.remote.RemoteWebDriver.startSession(RemoteWebDriver.java:213)
	at org.openqa.selenium.remote.RemoteWebDriver.&lt;init&gt;(RemoteWebDriver.java:131)
	at org.openqa.selenium.chrome.ChromeDriver.&lt;init&gt;(ChromeDriver.java:181)
	at org.openqa.selenium.chrome.ChromeDriver.&lt;init&gt;(ChromeDriver.java:168)
	at org.openqa.selenium.chrome.ChromeDriver.&lt;init&gt;(ChromeDriver.java:123)
	at TestNGSssions.OpenGoogleComTNG.test2(OpenGoogleComTNG.java:40)
	at java.util.concurrent.ThreadPoolExecutor.runWorker(Unknown Source)
	at java.util.concurrent.ThreadPoolExecutor$Worker.run(Unknown Source)
	at java.lang.Thread.run(Unknown Source)
... Removed 16 stack frames
</div> <!-- stack-trace -->
                </div> <!-- method-content -->
              </div> <!-- method -->
            </div> <!-- main-panel-content rounded-window-bottom -->
          </div> <!-- suite-My_First_Suite_of_Test_NG-class-failed -->
          <div class="suite-My_First_Suite_of_Test_NG-class-passed">
            <div class="main-panel-header rounded-window-top">
              <img src="passed.png"/>
              <span class="class-name">TestNGSssions.MultiBrowersTest</span>
            </div> <!-- main-panel-header rounded-window-top -->
            <div class="main-panel-content rounded-window-bottom">
              <div class="method">
                <div class="method-content">
                  <a name="testinChrome(Chrome)">
                  </a> <!-- testinChrome(Chrome) -->
                  <span class="method-name">testinChrome</span>
                  <span class="parameters">(Chrome)</span>
                </div> <!-- method-content -->
              </div> <!-- method -->
              <div class="method">
                <div class="method-content">
                  <a name="testinChrome(Firefox)">
                  </a> <!-- testinChrome(Firefox) -->
                  <span class="method-name">testinChrome</span>
                  <span class="parameters">(Firefox)</span>
                </div> <!-- method-content -->
              </div> <!-- method -->
              <div class="method">
                <div class="method-content">
                  <a name="testinFF(Chrome)">
                  </a> <!-- testinFF(Chrome) -->
                  <span class="method-name">testinFF</span>
                  <span class="parameters">(Chrome)</span>
                </div> <!-- method-content -->
              </div> <!-- method -->
              <div class="method">
                <div class="method-content">
                  <a name="testinFF(Firefox)">
                  </a> <!-- testinFF(Firefox) -->
                  <span class="method-name">testinFF</span>
                  <span class="parameters">(Firefox)</span>
                </div> <!-- method-content -->
              </div> <!-- method -->
            </div> <!-- main-panel-content rounded-window-bottom -->
          </div> <!-- suite-My_First_Suite_of_Test_NG-class-passed -->
        </div> <!-- panel My_First_Suite_of_Test_NG -->
        <div panel-name="test-xml-My_First_Suite_of_Test_NG" class="panel">
          <div class="main-panel-header rounded-window-top">
            <span class="header-content">E:\Java Projects\Project_TestNG\testng.xml</span>
          </div> <!-- main-panel-header rounded-window-top -->
          <div class="main-panel-content rounded-window-bottom">
            <pre>
&lt;?xml version=&quot;1.0&quot; encoding=&quot;UTF-8&quot;?&gt;
&lt;!DOCTYPE suite SYSTEM &quot;https://testng.org/testng-1.0.dtd&quot;&gt;
&lt;suite guice-stage=&quot;DEVELOPMENT&quot; name=&quot;My First Suite of Test NG&quot;&gt;
  &lt;test thread-count=&quot;5&quot; name=&quot;This is First Google Chrome Test&quot; parallel=&quot;methods&quot;&gt;
    &lt;packages&gt;
      &lt;package name=&quot;TestNGSssions.*&quot;/&gt;
    &lt;/packages&gt;
    &lt;classes&gt;
      &lt;class name=&quot;TestNGSssions.MultiBrowersTest&quot;/&gt;
      &lt;class name=&quot;TestNGSssions.OpenGoogleComTNG&quot;/&gt;
      &lt;class name=&quot;TestNGSssions.Ses1&quot;/&gt;
    &lt;/classes&gt;
  &lt;/test&gt; &lt;!-- This is First Google Chrome Test --&gt;
  &lt;test thread-count=&quot;5&quot; name=&quot;BrowsersOrientedChrome&quot;&gt;
    &lt;classes&gt;
      &lt;class name=&quot;TestNGSssions.MultiBrowersTest&quot;&gt;
        &lt;parameter name=&quot;brower&quot; value=&quot;Chrome&quot;/&gt;
      &lt;/class&gt; &lt;!-- TestNGSssions.MultiBrowersTest --&gt;
    &lt;/classes&gt;
  &lt;/test&gt; &lt;!-- BrowsersOrientedChrome --&gt;
  &lt;test thread-count=&quot;5&quot; name=&quot;BrowsersOrientedFF&quot;&gt;
    &lt;classes&gt;
      &lt;class name=&quot;TestNGSssions.MultiBrowersTest&quot;&gt;
        &lt;parameter name=&quot;brower&quot; value=&quot;Firefox&quot;/&gt;
      &lt;/class&gt; &lt;!-- TestNGSssions.MultiBrowersTest --&gt;
    &lt;/classes&gt;
  &lt;/test&gt; &lt;!-- BrowsersOrientedFF --&gt;
&lt;/suite&gt; &lt;!-- My First Suite of Test NG --&gt;
            </pre>
          </div> <!-- main-panel-content rounded-window-bottom -->
        </div> <!-- panel -->
        <div panel-name="testlist-My_First_Suite_of_Test_NG" class="panel">
          <div class="main-panel-header rounded-window-top">
            <span class="header-content">Tests for My First Suite of Test NG</span>
          </div> <!-- main-panel-header rounded-window-top -->
          <div class="main-panel-content rounded-window-bottom">
            <ul>
              <li>
                <span class="test-name">This is First Google Chrome Test (3 classes)</span>
              </li>
              <li>
                <span class="test-name">BrowsersOrientedChrome (1 class)</span>
              </li>
              <li>
                <span class="test-name">BrowsersOrientedFF (1 class)</span>
              </li>
            </ul>
          </div> <!-- main-panel-content rounded-window-bottom -->
        </div> <!-- panel -->
        <div panel-name="group-My_First_Suite_of_Test_NG" class="panel">
          <div class="main-panel-header rounded-window-top">
            <span class="header-content">Groups for My First Suite of Test NG</span>
          </div> <!-- main-panel-header rounded-window-top -->
          <div class="main-panel-content rounded-window-bottom">
          </div> <!-- main-panel-content rounded-window-bottom -->
        </div> <!-- panel -->
        <div panel-name="times-My_First_Suite_of_Test_NG" class="panel">
          <div class="main-panel-header rounded-window-top">
            <span class="header-content">Times for My First Suite of Test NG</span>
          </div> <!-- main-panel-header rounded-window-top -->
          <div class="main-panel-content rounded-window-bottom">
            <div class="times-div">
              <script type="text/javascript">
suiteTableInitFunctions.push('tableData_My_First_Suite_of_Test_NG');
function tableData_My_First_Suite_of_Test_NG() {
var data = new google.visualization.DataTable();
data.addColumn('number', 'Number');
data.addColumn('string', 'Method');
data.addColumn('string', 'Class');
data.addColumn('number', 'Time (ms)');
data.addRows(8);
data.setCell(0, 0, 0)
data.setCell(0, 1, 'test1')
data.setCell(0, 2, 'TestNGSssions.OpenGoogleComTNG')
data.setCell(0, 3, 13326);
data.setCell(1, 0, 1)
data.setCell(1, 1, 'test2')
data.setCell(1, 2, 'TestNGSssions.OpenGoogleComTNG')
data.setCell(1, 3, 13315);
data.setCell(2, 0, 2)
data.setCell(2, 1, 'testinFF')
data.setCell(2, 2, 'TestNGSssions.MultiBrowersTest')
data.setCell(2, 3, 28);
data.setCell(3, 0, 3)
data.setCell(3, 1, 'testinFF')
data.setCell(3, 2, 'TestNGSssions.MultiBrowersTest')
data.setCell(3, 3, 8);
data.setCell(4, 0, 4)
data.setCell(4, 1, 'testinChrome')
data.setCell(4, 2, 'TestNGSssions.MultiBrowersTest')
data.setCell(4, 3, 7);
data.setCell(5, 0, 5)
data.setCell(5, 1, 'testinChrome')
data.setCell(5, 2, 'TestNGSssions.MultiBrowersTest')
data.setCell(5, 3, 4);
data.setCell(6, 0, 6)
data.setCell(6, 1, 'testinChrome')
data.setCell(6, 2, 'TestNGSssions.MultiBrowersTest')
data.setCell(6, 3, 0);
data.setCell(7, 0, 7)
data.setCell(7, 1, 'testinFF')
data.setCell(7, 2, 'TestNGSssions.MultiBrowersTest')
data.setCell(7, 3, 0);
window.suiteTableData['My_First_Suite_of_Test_NG']= { tableData: data, tableDiv: 'times-div-My_First_Suite_of_Test_NG'}
return data;
}
              </script>
              <span class="suite-total-time">Total running time: 26 seconds</span>
              <div id="times-div-My_First_Suite_of_Test_NG">
              </div> <!-- times-div-My_First_Suite_of_Test_NG -->
            </div> <!-- times-div -->
          </div> <!-- main-panel-content rounded-window-bottom -->
        </div> <!-- panel -->
        <div panel-name="reporter-My_First_Suite_of_Test_NG" class="panel">
          <div class="main-panel-header rounded-window-top">
            <span class="header-content">Reporter output for My First Suite of Test NG</span>
          </div> <!-- main-panel-header rounded-window-top -->
          <div class="main-panel-content rounded-window-bottom">
          </div> <!-- main-panel-content rounded-window-bottom -->
        </div> <!-- panel -->
        <div panel-name="ignored-methods-My_First_Suite_of_Test_NG" class="panel">
          <div class="main-panel-header rounded-window-top">
            <span class="header-content">0 ignored methods</span>
          </div> <!-- main-panel-header rounded-window-top -->
          <div class="main-panel-content rounded-window-bottom">
          </div> <!-- main-panel-content rounded-window-bottom -->
        </div> <!-- panel -->
        <div panel-name="chronological-My_First_Suite_of_Test_NG" class="panel">
          <div class="main-panel-header rounded-window-top">
            <span class="header-content">Methods in chronological order</span>
          </div> <!-- main-panel-header rounded-window-top -->
          <div class="main-panel-content rounded-window-bottom">
            <div class="chronological-class">
              <div class="chronological-class-name">TestNGSssions.OpenGoogleComTNG</div> <!-- chronological-class-name -->
              <div class="configuration-test before">
                <span class="method-name">b4</span>
                <span class="method-start">0 ms</span>
              </div> <!-- configuration-test before -->
              <div class="test-method">
                <img src="failed.png">
                </img>
                <span class="method-name">test1</span>
                <span class="method-start">380 ms</span>
              </div> <!-- test-method -->
              <div class="test-method">
                <img src="failed.png">
                </img>
                <span class="method-name">test2</span>
                <span class="method-start">391 ms</span>
              </div> <!-- test-method -->
              <div class="configuration-test after">
                <img src="failed.png">
                </img>
                <span class="method-name">cls</span>
                <span class="method-start">13752 ms</span>
              </div> <!-- configuration-test after -->
            </div> <!-- chronological-class -->
            <div class="chronological-class">
              <div class="chronological-class-name">TestNGSssions.MultiBrowersTest</div> <!-- chronological-class-name -->
              <div class="test-method">
                <span class="method-name">testinChrome(Chrome)</span>
                <span class="method-start">14217 ms</span>
              </div> <!-- test-method -->
              <div class="test-method">
                <span class="method-name">testinFF(Chrome)</span>
                <span class="method-start">14240 ms</span>
              </div> <!-- test-method -->
              <div class="test-method">
                <span class="method-name">testinChrome(Firefox)</span>
                <span class="method-start">14419 ms</span>
              </div> <!-- test-method -->
              <div class="test-method">
                <span class="method-name">testinFF(Firefox)</span>
                <span class="method-start">14428 ms</span>
              </div> <!-- test-method -->
          </div> <!-- main-panel-content rounded-window-bottom -->
        </div> <!-- panel -->
      </div> <!-- main-panel-root -->
    </div> <!-- wrapper -->
  </body>
</html>
